The system is: Linux - 5.15.90.1-microsoft-standard-WSL2 - x86_64
Compiling the C compiler identification source file "CMakeCCompilerId.c" succeeded.
Compiler: /usr/bin/gcc 
Build flags: 
Id flags:  

The output was:
0


Compilation of the C compiler identification source "CMakeCCompilerId.c" produced "a.out"

The C compiler identification is GNU, found in "/home/ubuntuschule/Documents/C_Programme/CShell/build/CMakeFiles/3.22.1/CompilerIdC/a.out"

Detecting C compiler ABI info compiled with the following output:
Change Dir: /home/ubuntuschule/Documents/C_Programme/CShell/build/CMakeFiles/CMakeTmp

Run Build Command(s):/usr/bin/gmake -f Makefile cmTC_1a659/fast && /usr/bin/gmake  -f CMakeFiles/cmTC_1a659.dir/build.make CMakeFiles/cmTC_1a659.dir/build
gmake[1]: Entering directory '/home/ubuntuschule/Documents/C_Programme/CShell/build/CMakeFiles/CMakeTmp'
Building C object CMakeFiles/cmTC_1a659.dir/CMakeCCompilerABI.c.o
/usr/bin/gcc   -v -o CMakeFiles/cmTC_1a659.dir/CMakeCCompilerABI.c.o -c /usr/share/cmake-3.22/Modules/CMakeCCompilerABI.c
Using built-in specs.
COLLECT_GCC=/usr/bin/gcc
OFFLOAD_TARGET_NAMES=nvptx-none:amdgcn-amdhsa
OFFLOAD_TARGET_DEFAULT=1
Target: x86_64-linux-gnu
Configured with: ../src/configure -v --with-pkgversion='Ubuntu 11.3.0-1ubuntu1~22.04.1' --with-bugurl=file:///usr/share/doc/gcc-11/README.Bugs --enable-languages=c,ada,c++,go,brig,d,fortran,objc,obj-c++,m2 --prefix=/usr --with-gcc-major-version-only --program-suffix=-11 --program-prefix=x86_64-linux-gnu- --enable-shared --enable-linker-build-id --libexecdir=/usr/lib --without-included-gettext --enable-threads=posix --libdir=/usr/lib --enable-nls --enable-bootstrap --enable-clocale=gnu --enable-libstdcxx-debug --enable-libstdcxx-time=yes --with-default-libstdcxx-abi=new --enable-gnu-unique-object --disable-vtable-verify --enable-plugin --enable-default-pie --with-system-zlib --enable-libphobos-checking=release --with-target-system-zlib=auto --enable-objc-gc=auto --enable-multiarch --disable-werror --enable-cet --with-arch-32=i686 --with-abi=m64 --with-multilib-list=m32,m64,mx32 --enable-multilib --with-tune=generic --enable-offload-targets=nvptx-none=/build/gcc-11-aYxV0E/gcc-11-11.3.0/debian/tmp-nvptx/usr,amdgcn-amdhsa=/build/gcc-11-aYxV0E/gcc-11-11.3.0/debian/tmp-gcn/usr --without-cuda-driver --enable-checking=release --build=x86_64-linux-gnu --host=x86_64-linux-gnu --target=x86_64-linux-gnu --with-build-config=bootstrap-lto-lean --enable-link-serialization=2
Thread model: posix
Supported LTO compression algorithms: zlib zstd
gcc version 11.3.0 (Ubuntu 11.3.0-1ubuntu1~22.04.1) 
COLLECT_GCC_OPTIONS='-v' '-o' 'CMakeFiles/cmTC_1a659.dir/CMakeCCompilerABI.c.o' '-c' '-mtune=generic' '-march=x86-64' '-dumpdir' 'CMakeFiles/cmTC_1a659.dir/'
 /usr/lib/gcc/x86_64-linux-gnu/11/cc1 -quiet -v -imultiarch x86_64-linux-gnu /usr/share/cmake-3.22/Modules/CMakeCCompilerABI.c -quiet -dumpdir CMakeFiles/cmTC_1a659.dir/ -dumpbase CMakeCCompilerABI.c.c -dumpbase-ext .c -mtune=generic -march=x86-64 -version -fasynchronous-unwind-tables -fstack-protector-strong -Wformat -Wformat-security -fstack-clash-protection -fcf-protection -o /tmp/ccvYmtz2.s
GNU C17 (Ubuntu 11.3.0-1ubuntu1~22.04.1) version 11.3.0 (x86_64-linux-gnu)
	compiled by GNU C version 11.3.0, GMP version 6.2.1, MPFR version 4.1.0, MPC version 1.2.1, isl version isl-0.24-GMP

GGC heuristics: --param ggc-min-expand=100 --param ggc-min-heapsize=131072
ignoring nonexistent directory "/usr/local/include/x86_64-linux-gnu"
ignoring nonexistent directory "/usr/lib/gcc/x86_64-linux-gnu/11/include-fixed"
ignoring nonexistent directory "/usr/lib/gcc/x86_64-linux-gnu/11/../../../../x86_64-linux-gnu/include"
#include "..." search starts here:
#include <...> search starts here:
 /usr/lib/gcc/x86_64-linux-gnu/11/include
 /usr/local/include
 /usr/include/x86_64-linux-gnu
 /usr/include
End of search list.
GNU C17 (Ubuntu 11.3.0-1ubuntu1~22.04.1) version 11.3.0 (x86_64-linux-gnu)
	compiled by GNU C version 11.3.0, GMP version 6.2.1, MPFR version 4.1.0, MPC version 1.2.1, isl version isl-0.24-GMP

GGC heuristics: --param ggc-min-expand=100 --param ggc-min-heapsize=131072
Compiler executable checksum: e13e2dc98bfa673227c4000e476a9388
COLLECT_GCC_OPTIONS='-v' '-o' 'CMakeFiles/cmTC_1a659.dir/CMakeCCompilerABI.c.o' '-c' '-mtune=generic' '-march=x86-64' '-dumpdir' 'CMakeFiles/cmTC_1a659.dir/'
 as -v --64 -o CMakeFiles/cmTC_1a659.dir/CMakeCCompilerABI.c.o /tmp/ccvYmtz2.s
GNU assembler version 2.38 (x86_64-linux-gnu) using BFD version (GNU Binutils for Ubuntu) 2.38
COMPILER_PATH=/usr/lib/gcc/x86_64-linux-gnu/11/:/usr/lib/gcc/x86_64-linux-gnu/11/:/usr/lib/gcc/x86_64-linux-gnu/:/usr/lib/gcc/x86_64-linux-gnu/11/:/usr/lib/gcc/x86_64-linux-gnu/
LIBRARY_PATH=/usr/lib/gcc/x86_64-linux-gnu/11/:/usr/lib/gcc/x86_64-linux-gnu/11/../../../x86_64-linux-gnu/:/usr/lib/gcc/x86_64-linux-gnu/11/../../../../lib/:/lib/x86_64-linux-gnu/:/lib/../lib/:/usr/lib/x86_64-linux-gnu/:/usr/lib/../lib/:/usr/lib/gcc/x86_64-linux-gnu/11/../../../:/lib/:/usr/lib/
COLLECT_GCC_OPTIONS='-v' '-o' 'CMakeFiles/cmTC_1a659.dir/CMakeCCompilerABI.c.o' '-c' '-mtune=generic' '-march=x86-64' '-dumpdir' 'CMakeFiles/cmTC_1a659.dir/CMakeCCompilerABI.c.'
Linking C executable cmTC_1a659
/usr/bin/cmake -E cmake_link_script CMakeFiles/cmTC_1a659.dir/link.txt --verbose=1
/usr/bin/gcc  -v -rdynamic CMakeFiles/cmTC_1a659.dir/CMakeCCompilerABI.c.o -o cmTC_1a659 
Using built-in specs.
COLLECT_GCC=/usr/bin/gcc
COLLECT_LTO_WRAPPER=/usr/lib/gcc/x86_64-linux-gnu/11/lto-wrapper
OFFLOAD_TARGET_NAMES=nvptx-none:amdgcn-amdhsa
OFFLOAD_TARGET_DEFAULT=1
Target: x86_64-linux-gnu
Configured with: ../src/configure -v --with-pkgversion='Ubuntu 11.3.0-1ubuntu1~22.04.1' --with-bugurl=file:///usr/share/doc/gcc-11/README.Bugs --enable-languages=c,ada,c++,go,brig,d,fortran,objc,obj-c++,m2 --prefix=/usr --with-gcc-major-version-only --program-suffix=-11 --program-prefix=x86_64-linux-gnu- --enable-shared --enable-linker-build-id --libexecdir=/usr/lib --without-included-gettext --enable-threads=posix --libdir=/usr/lib --enable-nls --enable-bootstrap --enable-clocale=gnu --enable-libstdcxx-debug --enable-libstdcxx-time=yes --with-default-libstdcxx-abi=new --enable-gnu-unique-object --disable-vtable-verify --enable-plugin --enable-default-pie --with-system-zlib --enable-libphobos-checking=release --with-target-system-zlib=auto --enable-objc-gc=auto --enable-multiarch --disable-werror --enable-cet --with-arch-32=i686 --with-abi=m64 --with-multilib-list=m32,m64,mx32 --enable-multilib --with-tune=generic --enable-offload-targets=nvptx-none=/build/gcc-11-aYxV0E/gcc-11-11.3.0/debian/tmp-nvptx/usr,amdgcn-amdhsa=/build/gcc-11-aYxV0E/gcc-11-11.3.0/debian/tmp-gcn/usr --without-cuda-driver --enable-checking=release --build=x86_64-linux-gnu --host=x86_64-linux-gnu --target=x86_64-linux-gnu --with-build-config=bootstrap-lto-lean --enable-link-serialization=2
Thread model: posix
Supported LTO compression algorithms: zlib zstd
gcc version 11.3.0 (Ubuntu 11.3.0-1ubuntu1~22.04.1) 
COMPILER_PATH=/usr/lib/gcc/x86_64-linux-gnu/11/:/usr/lib/gcc/x86_64-linux-gnu/11/:/usr/lib/gcc/x86_64-linux-gnu/:/usr/lib/gcc/x86_64-linux-gnu/11/:/usr/lib/gcc/x86_64-linux-gnu/
LIBRARY_PATH=/usr/lib/gcc/x86_64-linux-gnu/11/:/usr/lib/gcc/x86_64-linux-gnu/11/../../../x86_64-linux-gnu/:/usr/lib/gcc/x86_64-linux-gnu/11/../../../../lib/:/lib/x86_64-linux-gnu/:/lib/../lib/:/usr/lib/x86_64-linux-gnu/:/usr/lib/../lib/:/usr/lib/gcc/x86_64-linux-gnu/11/../../../:/lib/:/usr/lib/
COLLECT_GCC_OPTIONS='-v' '-rdynamic' '-o' 'cmTC_1a659' '-mtune=generic' '-march=x86-64' '-dumpdir' 'cmTC_1a659.'
 /usr/lib/gcc/x86_64-linux-gnu/11/collect2 -plugin /usr/lib/gcc/x86_64-linux-gnu/11/liblto_plugin.so -plugin-opt=/usr/lib/gcc/x86_64-linux-gnu/11/lto-wrapper -plugin-opt=-fresolution=/tmp/ccCjPG82.res -plugin-opt=-pass-through=-lgcc -plugin-opt=-pass-through=-lgcc_s -plugin-opt=-pass-through=-lc -plugin-opt=-pass-through=-lgcc -plugin-opt=-pass-through=-lgcc_s --build-id --eh-frame-hdr -m elf_x86_64 --hash-style=gnu --as-needed -export-dynamic -dynamic-linker /lib64/ld-linux-x86-64.so.2 -pie -z now -z relro -o cmTC_1a659 /usr/lib/gcc/x86_64-linux-gnu/11/../../../x86_64-linux-gnu/Scrt1.o /usr/lib/gcc/x86_64-linux-gnu/11/../../../x86_64-linux-gnu/crti.o /usr/lib/gcc/x86_64-linux-gnu/11/crtbeginS.o -L/usr/lib/gcc/x86_64-linux-gnu/11 -L/usr/lib/gcc/x86_64-linux-gnu/11/../../../x86_64-linux-gnu -L/usr/lib/gcc/x86_64-linux-gnu/11/../../../../lib -L/lib/x86_64-linux-gnu -L/lib/../lib -L/usr/lib/x86_64-linux-gnu -L/usr/lib/../lib -L/usr/lib/gcc/x86_64-linux-gnu/11/../../.. CMakeFiles/cmTC_1a659.dir/CMakeCCompilerABI.c.o -lgcc --push-state --as-needed -lgcc_s --pop-state -lc -lgcc --push-state --as-needed -lgcc_s --pop-state /usr/lib/gcc/x86_64-linux-gnu/11/crtendS.o /usr/lib/gcc/x86_64-linux-gnu/11/../../../x86_64-linux-gnu/crtn.o
COLLECT_GCC_OPTIONS='-v' '-rdynamic' '-o' 'cmTC_1a659' '-mtune=generic' '-march=x86-64' '-dumpdir' 'cmTC_1a659.'
gmake[1]: Leaving directory '/home/ubuntuschule/Documents/C_Programme/CShell/build/CMakeFiles/CMakeTmp'



Parsed C implicit include dir info from above output: rv=done
  found start of include info
  found start of implicit include info
    add: [/usr/lib/gcc/x86_64-linux-gnu/11/include]
    add: [/usr/local/include]
    add: [/usr/include/x86_64-linux-gnu]
    add: [/usr/include]
  end of search list found
  collapse include dir [/usr/lib/gcc/x86_64-linux-gnu/11/include] ==> [/usr/lib/gcc/x86_64-linux-gnu/11/include]
  collapse include dir [/usr/local/include] ==> [/usr/local/include]
  collapse include dir [/usr/include/x86_64-linux-gnu] ==> [/usr/include/x86_64-linux-gnu]
  collapse include dir [/usr/include] ==> [/usr/include]
  implicit include dirs: [/usr/lib/gcc/x86_64-linux-gnu/11/include;/usr/local/include;/usr/include/x86_64-linux-gnu;/usr/include]


Parsed C implicit link information from above output:
  link line regex: [^( *|.*[/\])(ld|CMAKE_LINK_STARTFILE-NOTFOUND|([^/\]+-)?ld|collect2)[^/\]*( |$)]
  ignore line: [Change Dir: /home/ubuntuschule/Documents/C_Programme/CShell/build/CMakeFiles/CMakeTmp]
  ignore line: []
  ignore line: [Run Build Command(s):/usr/bin/gmake -f Makefile cmTC_1a659/fast && /usr/bin/gmake  -f CMakeFiles/cmTC_1a659.dir/build.make CMakeFiles/cmTC_1a659.dir/build]
  ignore line: [gmake[1]: Entering directory '/home/ubuntuschule/Documents/C_Programme/CShell/build/CMakeFiles/CMakeTmp']
  ignore line: [Building C object CMakeFiles/cmTC_1a659.dir/CMakeCCompilerABI.c.o]
  ignore line: [/usr/bin/gcc   -v -o CMakeFiles/cmTC_1a659.dir/CMakeCCompilerABI.c.o -c /usr/share/cmake-3.22/Modules/CMakeCCompilerABI.c]
  ignore line: [Using built-in specs.]
  ignore line: [COLLECT_GCC=/usr/bin/gcc]
  ignore line: [OFFLOAD_TARGET_NAMES=nvptx-none:amdgcn-amdhsa]
  ignore line: [OFFLOAD_TARGET_DEFAULT=1]
  ignore line: [Target: x86_64-linux-gnu]
  ignore line: [Configured with: ../src/configure -v --with-pkgversion='Ubuntu 11.3.0-1ubuntu1~22.04.1' --with-bugurl=file:///usr/share/doc/gcc-11/README.Bugs --enable-languages=c ada c++ go brig d fortran objc obj-c++ m2 --prefix=/usr --with-gcc-major-version-only --program-suffix=-11 --program-prefix=x86_64-linux-gnu- --enable-shared --enable-linker-build-id --libexecdir=/usr/lib --without-included-gettext --enable-threads=posix --libdir=/usr/lib --enable-nls --enable-bootstrap --enable-clocale=gnu --enable-libstdcxx-debug --enable-libstdcxx-time=yes --with-default-libstdcxx-abi=new --enable-gnu-unique-object --disable-vtable-verify --enable-plugin --enable-default-pie --with-system-zlib --enable-libphobos-checking=release --with-target-system-zlib=auto --enable-objc-gc=auto --enable-multiarch --disable-werror --enable-cet --with-arch-32=i686 --with-abi=m64 --with-multilib-list=m32 m64 mx32 --enable-multilib --with-tune=generic --enable-offload-targets=nvptx-none=/build/gcc-11-aYxV0E/gcc-11-11.3.0/debian/tmp-nvptx/usr amdgcn-amdhsa=/build/gcc-11-aYxV0E/gcc-11-11.3.0/debian/tmp-gcn/usr --without-cuda-driver --enable-checking=release --build=x86_64-linux-gnu --host=x86_64-linux-gnu --target=x86_64-linux-gnu --with-build-config=bootstrap-lto-lean --enable-link-serialization=2]
  ignore line: [Thread model: posix]
  ignore line: [Supported LTO compression algorithms: zlib zstd]
  ignore line: [gcc version 11.3.0 (Ubuntu 11.3.0-1ubuntu1~22.04.1) ]
  ignore line: [COLLECT_GCC_OPTIONS='-v' '-o' 'CMakeFiles/cmTC_1a659.dir/CMakeCCompilerABI.c.o' '-c' '-mtune=generic' '-march=x86-64' '-dumpdir' 'CMakeFiles/cmTC_1a659.dir/']
  ignore line: [ /usr/lib/gcc/x86_64-linux-gnu/11/cc1 -quiet -v -imultiarch x86_64-linux-gnu /usr/share/cmake-3.22/Modules/CMakeCCompilerABI.c -quiet -dumpdir CMakeFiles/cmTC_1a659.dir/ -dumpbase CMakeCCompilerABI.c.c -dumpbase-ext .c -mtune=generic -march=x86-64 -version -fasynchronous-unwind-tables -fstack-protector-strong -Wformat -Wformat-security -fstack-clash-protection -fcf-protection -o /tmp/ccvYmtz2.s]
  ignore line: [GNU C17 (Ubuntu 11.3.0-1ubuntu1~22.04.1) version 11.3.0 (x86_64-linux-gnu)]
  ignore line: [	compiled by GNU C version 11.3.0  GMP version 6.2.1  MPFR version 4.1.0  MPC version 1.2.1  isl version isl-0.24-GMP]
  ignore line: []
  ignore line: [GGC heuristics: --param ggc-min-expand=100 --param ggc-min-heapsize=131072]
  ignore line: [ignoring nonexistent directory "/usr/local/include/x86_64-linux-gnu"]
  ignore line: [ignoring nonexistent directory "/usr/lib/gcc/x86_64-linux-gnu/11/include-fixed"]
  ignore line: [ignoring nonexistent directory "/usr/lib/gcc/x86_64-linux-gnu/11/../../../../x86_64-linux-gnu/include"]
  ignore line: [#include "..." search starts here:]
  ignore line: [#include <...> search starts here:]
  ignore line: [ /usr/lib/gcc/x86_64-linux-gnu/11/include]
  ignore line: [ /usr/local/include]
  ignore line: [ /usr/include/x86_64-linux-gnu]
  ignore line: [ /usr/include]
  ignore line: [End of search list.]
  ignore line: [GNU C17 (Ubuntu 11.3.0-1ubuntu1~22.04.1) version 11.3.0 (x86_64-linux-gnu)]
  ignore line: [	compiled by GNU C version 11.3.0  GMP version 6.2.1  MPFR version 4.1.0  MPC version 1.2.1  isl version isl-0.24-GMP]
  ignore line: []
  ignore line: [GGC heuristics: --param ggc-min-expand=100 --param ggc-min-heapsize=131072]
  ignore line: [Compiler executable checksum: e13e2dc98bfa673227c4000e476a9388]
  ignore line: [COLLECT_GCC_OPTIONS='-v' '-o' 'CMakeFiles/cmTC_1a659.dir/CMakeCCompilerABI.c.o' '-c' '-mtune=generic' '-march=x86-64' '-dumpdir' 'CMakeFiles/cmTC_1a659.dir/']
  ignore line: [ as -v --64 -o CMakeFiles/cmTC_1a659.dir/CMakeCCompilerABI.c.o /tmp/ccvYmtz2.s]
  ignore line: [GNU assembler version 2.38 (x86_64-linux-gnu) using BFD version (GNU Binutils for Ubuntu) 2.38]
  ignore line: [COMPILER_PATH=/usr/lib/gcc/x86_64-linux-gnu/11/:/usr/lib/gcc/x86_64-linux-gnu/11/:/usr/lib/gcc/x86_64-linux-gnu/:/usr/lib/gcc/x86_64-linux-gnu/11/:/usr/lib/gcc/x86_64-linux-gnu/]
  ignore line: [LIBRARY_PATH=/usr/lib/gcc/x86_64-linux-gnu/11/:/usr/lib/gcc/x86_64-linux-gnu/11/../../../x86_64-linux-gnu/:/usr/lib/gcc/x86_64-linux-gnu/11/../../../../lib/:/lib/x86_64-linux-gnu/:/lib/../lib/:/usr/lib/x86_64-linux-gnu/:/usr/lib/../lib/:/usr/lib/gcc/x86_64-linux-gnu/11/../../../:/lib/:/usr/lib/]
  ignore line: [COLLECT_GCC_OPTIONS='-v' '-o' 'CMakeFiles/cmTC_1a659.dir/CMakeCCompilerABI.c.o' '-c' '-mtune=generic' '-march=x86-64' '-dumpdir' 'CMakeFiles/cmTC_1a659.dir/CMakeCCompilerABI.c.']
  ignore line: [Linking C executable cmTC_1a659]
  ignore line: [/usr/bin/cmake -E cmake_link_script CMakeFiles/cmTC_1a659.dir/link.txt --verbose=1]
  ignore line: [/usr/bin/gcc  -v -rdynamic CMakeFiles/cmTC_1a659.dir/CMakeCCompilerABI.c.o -o cmTC_1a659 ]
  ignore line: [Using built-in specs.]
  ignore line: [COLLECT_GCC=/usr/bin/gcc]
  ignore line: [COLLECT_LTO_WRAPPER=/usr/lib/gcc/x86_64-linux-gnu/11/lto-wrapper]
  ignore line: [OFFLOAD_TARGET_NAMES=nvptx-none:amdgcn-amdhsa]
  ignore line: [OFFLOAD_TARGET_DEFAULT=1]
  ignore line: [Target: x86_64-linux-gnu]
  ignore line: [Configured with: ../src/configure -v --with-pkgversion='Ubuntu 11.3.0-1ubuntu1~22.04.1' --with-bugurl=file:///usr/share/doc/gcc-11/README.Bugs --enable-languages=c ada c++ go brig d fortran objc obj-c++ m2 --prefix=/usr --with-gcc-major-version-only --program-suffix=-11 --program-prefix=x86_64-linux-gnu- --enable-shared --enable-linker-build-id --libexecdir=/usr/lib --without-included-gettext --enable-threads=posix --libdir=/usr/lib --enable-nls --enable-bootstrap --enable-clocale=gnu --enable-libstdcxx-debug --enable-libstdcxx-time=yes --with-default-libstdcxx-abi=new --enable-gnu-unique-object --disable-vtable-verify --enable-plugin --enable-default-pie --with-system-zlib --enable-libphobos-checking=release --with-target-system-zlib=auto --enable-objc-gc=auto --enable-multiarch --disable-werror --enable-cet --with-arch-32=i686 --with-abi=m64 --with-multilib-list=m32 m64 mx32 --enable-multilib --with-tune=generic --enable-offload-targets=nvptx-none=/build/gcc-11-aYxV0E/gcc-11-11.3.0/debian/tmp-nvptx/usr amdgcn-amdhsa=/build/gcc-11-aYxV0E/gcc-11-11.3.0/debian/tmp-gcn/usr --without-cuda-driver --enable-checking=release --build=x86_64-linux-gnu --host=x86_64-linux-gnu --target=x86_64-linux-gnu --with-build-config=bootstrap-lto-lean --enable-link-serialization=2]
  ignore line: [Thread model: posix]
  ignore line: [Supported LTO compression algorithms: zlib zstd]
  ignore line: [gcc version 11.3.0 (Ubuntu 11.3.0-1ubuntu1~22.04.1) ]
  ignore line: [COMPILER_PATH=/usr/lib/gcc/x86_64-linux-gnu/11/:/usr/lib/gcc/x86_64-linux-gnu/11/:/usr/lib/gcc/x86_64-linux-gnu/:/usr/lib/gcc/x86_64-linux-gnu/11/:/usr/lib/gcc/x86_64-linux-gnu/]
  ignore line: [LIBRARY_PATH=/usr/lib/gcc/x86_64-linux-gnu/11/:/usr/lib/gcc/x86_64-linux-gnu/11/../../../x86_64-linux-gnu/:/usr/lib/gcc/x86_64-linux-gnu/11/../../../../lib/:/lib/x86_64-linux-gnu/:/lib/../lib/:/usr/lib/x86_64-linux-gnu/:/usr/lib/../lib/:/usr/lib/gcc/x86_64-linux-gnu/11/../../../:/lib/:/usr/lib/]
  ignore line: [COLLECT_GCC_OPTIONS='-v' '-rdynamic' '-o' 'cmTC_1a659' '-mtune=generic' '-march=x86-64' '-dumpdir' 'cmTC_1a659.']
  link line: [ /usr/lib/gcc/x86_64-linux-gnu/11/collect2 -plugin /usr/lib/gcc/x86_64-linux-gnu/11/liblto_plugin.so -plugin-opt=/usr/lib/gcc/x86_64-linux-gnu/11/lto-wrapper -plugin-opt=-fresolution=/tmp/ccCjPG82.res -plugin-opt=-pass-through=-lgcc -plugin-opt=-pass-through=-lgcc_s -plugin-opt=-pass-through=-lc -plugin-opt=-pass-through=-lgcc -plugin-opt=-pass-through=-lgcc_s --build-id --eh-frame-hdr -m elf_x86_64 --hash-style=gnu --as-needed -export-dynamic -dynamic-linker /lib64/ld-linux-x86-64.so.2 -pie -z now -z relro -o cmTC_1a659 /usr/lib/gcc/x86_64-linux-gnu/11/../../../x86_64-linux-gnu/Scrt1.o /usr/lib/gcc/x86_64-linux-gnu/11/../../../x86_64-linux-gnu/crti.o /usr/lib/gcc/x86_64-linux-gnu/11/crtbeginS.o -L/usr/lib/gcc/x86_64-linux-gnu/11 -L/usr/lib/gcc/x86_64-linux-gnu/11/../../../x86_64-linux-gnu -L/usr/lib/gcc/x86_64-linux-gnu/11/../../../../lib -L/lib/x86_64-linux-gnu -L/lib/../lib -L/usr/lib/x86_64-linux-gnu -L/usr/lib/../lib -L/usr/lib/gcc/x86_64-linux-gnu/11/../../.. CMakeFiles/cmTC_1a659.dir/CMakeCCompilerABI.c.o -lgcc --push-state --as-needed -lgcc_s --pop-state -lc -lgcc --push-state --as-needed -lgcc_s --pop-state /usr/lib/gcc/x86_64-linux-gnu/11/crtendS.o /usr/lib/gcc/x86_64-linux-gnu/11/../../../x86_64-linux-gnu/crtn.o]
    arg [/usr/lib/gcc/x86_64-linux-gnu/11/collect2] ==> ignore
    arg [-plugin] ==> ignore
    arg [/usr/lib/gcc/x86_64-linux-gnu/11/liblto_plugin.so] ==> ignore
    arg [-plugin-opt=/usr/lib/gcc/x86_64-linux-gnu/11/lto-wrapper] ==> ignore
    arg [-plugin-opt=-fresolution=/tmp/ccCjPG82.res] ==> ignore
    arg [-plugin-opt=-pass-through=-lgcc] ==> ignore
    arg [-plugin-opt=-pass-through=-lgcc_s] ==> ignore
    arg [-plugin-opt=-pass-through=-lc] ==> ignore
    arg [-plugin-opt=-pass-through=-lgcc] ==> ignore
    arg [-plugin-opt=-pass-through=-lgcc_s] ==> ignore
    arg [--build-id] ==> ignore
    arg [--eh-frame-hdr] ==> ignore
    arg [-m] ==> ignore
    arg [elf_x86_64] ==> ignore
    arg [--hash-style=gnu] ==> ignore
    arg [--as-needed] ==> ignore
    arg [-export-dynamic] ==> ignore
    arg [-dynamic-linker] ==> ignore
    arg [/lib64/ld-linux-x86-64.so.2] ==> ignore
    arg [-pie] ==> ignore
    arg [-znow] ==> ignore
    arg [-zrelro] ==> ignore
    arg [-o] ==> ignore
    arg [cmTC_1a659] ==> ignore
    arg [/usr/lib/gcc/x86_64-linux-gnu/11/../../../x86_64-linux-gnu/Scrt1.o] ==> obj [/usr/lib/gcc/x86_64-linux-gnu/11/../../../x86_64-linux-gnu/Scrt1.o]
    arg [/usr/lib/gcc/x86_64-linux-gnu/11/../../../x86_64-linux-gnu/crti.o] ==> obj [/usr/lib/gcc/x86_64-linux-gnu/11/../../../x86_64-linux-gnu/crti.o]
    arg [/usr/lib/gcc/x86_64-linux-gnu/11/crtbeginS.o] ==> obj [/usr/lib/gcc/x86_64-linux-gnu/11/crtbeginS.o]
    arg [-L/usr/lib/gcc/x86_64-linux-gnu/11] ==> dir [/usr/lib/gcc/x86_64-linux-gnu/11]
    arg [-L/usr/lib/gcc/x86_64-linux-gnu/11/../../../x86_64-linux-gnu] ==> dir [/usr/lib/gcc/x86_64-linux-gnu/11/../../../x86_64-linux-gnu]
    arg [-L/usr/lib/gcc/x86_64-linux-gnu/11/../../../../lib] ==> dir [/usr/lib/gcc/x86_64-linux-gnu/11/../../../../lib]
    arg [-L/lib/x86_64-linux-gnu] ==> dir [/lib/x86_64-linux-gnu]
    arg [-L/lib/../lib] ==> dir [/lib/../lib]
    arg [-L/usr/lib/x86_64-linux-gnu] ==> dir [/usr/lib/x86_64-linux-gnu]
    arg [-L/usr/lib/../lib] ==> dir [/usr/lib/../lib]
    arg [-L/usr/lib/gcc/x86_64-linux-gnu/11/../../..] ==> dir [/usr/lib/gcc/x86_64-linux-gnu/11/../../..]
    arg [CMakeFiles/cmTC_1a659.dir/CMakeCCompilerABI.c.o] ==> ignore
    arg [-lgcc] ==> lib [gcc]
    arg [--push-state] ==> ignore
    arg [--as-needed] ==> ignore
    arg [-lgcc_s] ==> lib [gcc_s]
    arg [--pop-state] ==> ignore
    arg [-lc] ==> lib [c]
    arg [-lgcc] ==> lib [gcc]
    arg [--push-state] ==> ignore
    arg [--as-needed] ==> ignore
    arg [-lgcc_s] ==> lib [gcc_s]
    arg [--pop-state] ==> ignore
    arg [/usr/lib/gcc/x86_64-linux-gnu/11/crtendS.o] ==> obj [/usr/lib/gcc/x86_64-linux-gnu/11/crtendS.o]
    arg [/usr/lib/gcc/x86_64-linux-gnu/11/../../../x86_64-linux-gnu/crtn.o] ==> obj [/usr/lib/gcc/x86_64-linux-gnu/11/../../../x86_64-linux-gnu/crtn.o]
  collapse obj [/usr/lib/gcc/x86_64-linux-gnu/11/../../../x86_64-linux-gnu/Scrt1.o] ==> [/usr/lib/x86_64-linux-gnu/Scrt1.o]
  collapse obj [/usr/lib/gcc/x86_64-linux-gnu/11/../../../x86_64-linux-gnu/crti.o] ==> [/usr/lib/x86_64-linux-gnu/crti.o]
  collapse obj [/usr/lib/gcc/x86_64-linux-gnu/11/../../../x86_64-linux-gnu/crtn.o] ==> [/usr/lib/x86_64-linux-gnu/crtn.o]
  collapse library dir [/usr/lib/gcc/x86_64-linux-gnu/11] ==> [/usr/lib/gcc/x86_64-linux-gnu/11]
  collapse library dir [/usr/lib/gcc/x86_64-linux-gnu/11/../../../x86_64-linux-gnu] ==> [/usr/lib/x86_64-linux-gnu]
  collapse library dir [/usr/lib/gcc/x86_64-linux-gnu/11/../../../../lib] ==> [/usr/lib]
  collapse library dir [/lib/x86_64-linux-gnu] ==> [/lib/x86_64-linux-gnu]
  collapse library dir [/lib/../lib] ==> [/lib]
  collapse library dir [/usr/lib/x86_64-linux-gnu] ==> [/usr/lib/x86_64-linux-gnu]
  collapse library dir [/usr/lib/../lib] ==> [/usr/lib]
  collapse library dir [/usr/lib/gcc/x86_64-linux-gnu/11/../../..] ==> [/usr/lib]
  implicit libs: [gcc;gcc_s;c;gcc;gcc_s]
  implicit objs: [/usr/lib/x86_64-linux-gnu/Scrt1.o;/usr/lib/x86_64-linux-gnu/crti.o;/usr/lib/gcc/x86_64-linux-gnu/11/crtbeginS.o;/usr/lib/gcc/x86_64-linux-gnu/11/crtendS.o;/usr/lib/x86_64-linux-gnu/crtn.o]
  implicit dirs: [/usr/lib/gcc/x86_64-linux-gnu/11;/usr/lib/x86_64-linux-gnu;/usr/lib;/lib/x86_64-linux-gnu;/lib]
  implicit fwks: []


Performing C SOURCE FILE Test FLAG_SUPPORTED_stdc89 succeeded with the following output:
Change Dir: /home/ubuntuschule/Documents/C_Programme/CShell/build/CMakeFiles/CMakeTmp

Run Build Command(s):/usr/bin/gmake -f Makefile cmTC_2059a/fast && /usr/bin/gmake  -f CMakeFiles/cmTC_2059a.dir/build.make CMakeFiles/cmTC_2059a.dir/build
gmake[1]: Entering directory '/home/ubuntuschule/Documents/C_Programme/CShell/build/CMakeFiles/CMakeTmp'
Building C object CMakeFiles/cmTC_2059a.dir/src.c.o
/usr/bin/gcc -DFLAG_SUPPORTED_stdc89  -std=c89 -o CMakeFiles/cmTC_2059a.dir/src.c.o -c /home/ubuntuschule/Documents/C_Programme/CShell/build/CMakeFiles/CMakeTmp/src.c
Linking C executable cmTC_2059a
/usr/bin/cmake -E cmake_link_script CMakeFiles/cmTC_2059a.dir/link.txt --verbose=1
/usr/bin/gcc -rdynamic CMakeFiles/cmTC_2059a.dir/src.c.o -o cmTC_2059a 
gmake[1]: Leaving directory '/home/ubuntuschule/Documents/C_Programme/CShell/build/CMakeFiles/CMakeTmp'


Source file was:
int main(void) { return 0; }
Performing C SOURCE FILE Test FLAG_SUPPORTED_pedantic succeeded with the following output:
Change Dir: /home/ubuntuschule/Documents/C_Programme/CShell/build/CMakeFiles/CMakeTmp

Run Build Command(s):/usr/bin/gmake -f Makefile cmTC_58e7d/fast && /usr/bin/gmake  -f CMakeFiles/cmTC_58e7d.dir/build.make CMakeFiles/cmTC_58e7d.dir/build
gmake[1]: Entering directory '/home/ubuntuschule/Documents/C_Programme/CShell/build/CMakeFiles/CMakeTmp'
Building C object CMakeFiles/cmTC_58e7d.dir/src.c.o
/usr/bin/gcc -DFLAG_SUPPORTED_pedantic  -std=c89    -pedantic -o CMakeFiles/cmTC_58e7d.dir/src.c.o -c /home/ubuntuschule/Documents/C_Programme/CShell/build/CMakeFiles/CMakeTmp/src.c
Linking C executable cmTC_58e7d
/usr/bin/cmake -E cmake_link_script CMakeFiles/cmTC_58e7d.dir/link.txt --verbose=1
/usr/bin/gcc  -std=c89  -rdynamic CMakeFiles/cmTC_58e7d.dir/src.c.o -o cmTC_58e7d 
gmake[1]: Leaving directory '/home/ubuntuschule/Documents/C_Programme/CShell/build/CMakeFiles/CMakeTmp'


Source file was:
int main(void) { return 0; }
Performing C SOURCE FILE Test FLAG_SUPPORTED_Wall succeeded with the following output:
Change Dir: /home/ubuntuschule/Documents/C_Programme/CShell/build/CMakeFiles/CMakeTmp

Run Build Command(s):/usr/bin/gmake -f Makefile cmTC_db71b/fast && /usr/bin/gmake  -f CMakeFiles/cmTC_db71b.dir/build.make CMakeFiles/cmTC_db71b.dir/build
gmake[1]: Entering directory '/home/ubuntuschule/Documents/C_Programme/CShell/build/CMakeFiles/CMakeTmp'
Building C object CMakeFiles/cmTC_db71b.dir/src.c.o
/usr/bin/gcc -DFLAG_SUPPORTED_Wall  -std=c89 -pedantic    -Wall -o CMakeFiles/cmTC_db71b.dir/src.c.o -c /home/ubuntuschule/Documents/C_Programme/CShell/build/CMakeFiles/CMakeTmp/src.c
Linking C executable cmTC_db71b
/usr/bin/cmake -E cmake_link_script CMakeFiles/cmTC_db71b.dir/link.txt --verbose=1
/usr/bin/gcc  -std=c89 -pedantic  -rdynamic CMakeFiles/cmTC_db71b.dir/src.c.o -o cmTC_db71b 
gmake[1]: Leaving directory '/home/ubuntuschule/Documents/C_Programme/CShell/build/CMakeFiles/CMakeTmp'


Source file was:
int main(void) { return 0; }
Performing C SOURCE FILE Test FLAG_SUPPORTED_Wextra succeeded with the following output:
Change Dir: /home/ubuntuschule/Documents/C_Programme/CShell/build/CMakeFiles/CMakeTmp

Run Build Command(s):/usr/bin/gmake -f Makefile cmTC_32a2f/fast && /usr/bin/gmake  -f CMakeFiles/cmTC_32a2f.dir/build.make CMakeFiles/cmTC_32a2f.dir/build
gmake[1]: Entering directory '/home/ubuntuschule/Documents/C_Programme/CShell/build/CMakeFiles/CMakeTmp'
Building C object CMakeFiles/cmTC_32a2f.dir/src.c.o
/usr/bin/gcc -DFLAG_SUPPORTED_Wextra  -std=c89 -pedantic -Wall    -Wextra -o CMakeFiles/cmTC_32a2f.dir/src.c.o -c /home/ubuntuschule/Documents/C_Programme/CShell/build/CMakeFiles/CMakeTmp/src.c
Linking C executable cmTC_32a2f
/usr/bin/cmake -E cmake_link_script CMakeFiles/cmTC_32a2f.dir/link.txt --verbose=1
/usr/bin/gcc  -std=c89 -pedantic -Wall  -rdynamic CMakeFiles/cmTC_32a2f.dir/src.c.o -o cmTC_32a2f 
gmake[1]: Leaving directory '/home/ubuntuschule/Documents/C_Programme/CShell/build/CMakeFiles/CMakeTmp'


Source file was:
int main(void) { return 0; }
Performing C SOURCE FILE Test FLAG_SUPPORTED_Werror succeeded with the following output:
Change Dir: /home/ubuntuschule/Documents/C_Programme/CShell/build/CMakeFiles/CMakeTmp

Run Build Command(s):/usr/bin/gmake -f Makefile cmTC_1965c/fast && /usr/bin/gmake  -f CMakeFiles/cmTC_1965c.dir/build.make CMakeFiles/cmTC_1965c.dir/build
gmake[1]: Entering directory '/home/ubuntuschule/Documents/C_Programme/CShell/build/CMakeFiles/CMakeTmp'
Building C object CMakeFiles/cmTC_1965c.dir/src.c.o
/usr/bin/gcc -DFLAG_SUPPORTED_Werror  -std=c89 -pedantic -Wall -Wextra    -Werror -o CMakeFiles/cmTC_1965c.dir/src.c.o -c /home/ubuntuschule/Documents/C_Programme/CShell/build/CMakeFiles/CMakeTmp/src.c
Linking C executable cmTC_1965c
/usr/bin/cmake -E cmake_link_script CMakeFiles/cmTC_1965c.dir/link.txt --verbose=1
/usr/bin/gcc  -std=c89 -pedantic -Wall -Wextra  -rdynamic CMakeFiles/cmTC_1965c.dir/src.c.o -o cmTC_1965c 
gmake[1]: Leaving directory '/home/ubuntuschule/Documents/C_Programme/CShell/build/CMakeFiles/CMakeTmp'


Source file was:
int main(void) { return 0; }
Performing C SOURCE FILE Test FLAG_SUPPORTED_Wstrictprototypes succeeded with the following output:
Change Dir: /home/ubuntuschule/Documents/C_Programme/CShell/build/CMakeFiles/CMakeTmp

Run Build Command(s):/usr/bin/gmake -f Makefile cmTC_42eec/fast && /usr/bin/gmake  -f CMakeFiles/cmTC_42eec.dir/build.make CMakeFiles/cmTC_42eec.dir/build
gmake[1]: Entering directory '/home/ubuntuschule/Documents/C_Programme/CShell/build/CMakeFiles/CMakeTmp'
Building C object CMakeFiles/cmTC_42eec.dir/src.c.o
/usr/bin/gcc -DFLAG_SUPPORTED_Wstrictprototypes  -std=c89 -pedantic -Wall -Wextra -Werror    -Wstrict-prototypes -o CMakeFiles/cmTC_42eec.dir/src.c.o -c /home/ubuntuschule/Documents/C_Programme/CShell/build/CMakeFiles/CMakeTmp/src.c
Linking C executable cmTC_42eec
/usr/bin/cmake -E cmake_link_script CMakeFiles/cmTC_42eec.dir/link.txt --verbose=1
/usr/bin/gcc  -std=c89 -pedantic -Wall -Wextra -Werror  -rdynamic CMakeFiles/cmTC_42eec.dir/src.c.o -o cmTC_42eec 
gmake[1]: Leaving directory '/home/ubuntuschule/Documents/C_Programme/CShell/build/CMakeFiles/CMakeTmp'


Source file was:
int main(void) { return 0; }
Performing C SOURCE FILE Test FLAG_SUPPORTED_Wwritestrings succeeded with the following output:
Change Dir: /home/ubuntuschule/Documents/C_Programme/CShell/build/CMakeFiles/CMakeTmp

Run Build Command(s):/usr/bin/gmake -f Makefile cmTC_03f3e/fast && /usr/bin/gmake  -f CMakeFiles/cmTC_03f3e.dir/build.make CMakeFiles/cmTC_03f3e.dir/build
gmake[1]: Entering directory '/home/ubuntuschule/Documents/C_Programme/CShell/build/CMakeFiles/CMakeTmp'
Building C object CMakeFiles/cmTC_03f3e.dir/src.c.o
/usr/bin/gcc -DFLAG_SUPPORTED_Wwritestrings  -std=c89 -pedantic -Wall -Wextra -Werror -Wstrict-prototypes    -Wwrite-strings -o CMakeFiles/cmTC_03f3e.dir/src.c.o -c /home/ubuntuschule/Documents/C_Programme/CShell/build/CMakeFiles/CMakeTmp/src.c
Linking C executable cmTC_03f3e
/usr/bin/cmake -E cmake_link_script CMakeFiles/cmTC_03f3e.dir/link.txt --verbose=1
/usr/bin/gcc  -std=c89 -pedantic -Wall -Wextra -Werror -Wstrict-prototypes  -rdynamic CMakeFiles/cmTC_03f3e.dir/src.c.o -o cmTC_03f3e 
gmake[1]: Leaving directory '/home/ubuntuschule/Documents/C_Programme/CShell/build/CMakeFiles/CMakeTmp'


Source file was:
int main(void) { return 0; }
Performing C SOURCE FILE Test FLAG_SUPPORTED_Wshadow succeeded with the following output:
Change Dir: /home/ubuntuschule/Documents/C_Programme/CShell/build/CMakeFiles/CMakeTmp

Run Build Command(s):/usr/bin/gmake -f Makefile cmTC_4e1a6/fast && /usr/bin/gmake  -f CMakeFiles/cmTC_4e1a6.dir/build.make CMakeFiles/cmTC_4e1a6.dir/build
gmake[1]: Entering directory '/home/ubuntuschule/Documents/C_Programme/CShell/build/CMakeFiles/CMakeTmp'
Building C object CMakeFiles/cmTC_4e1a6.dir/src.c.o
/usr/bin/gcc -DFLAG_SUPPORTED_Wshadow  -std=c89 -pedantic -Wall -Wextra -Werror -Wstrict-prototypes -Wwrite-strings    -Wshadow -o CMakeFiles/cmTC_4e1a6.dir/src.c.o -c /home/ubuntuschule/Documents/C_Programme/CShell/build/CMakeFiles/CMakeTmp/src.c
Linking C executable cmTC_4e1a6
/usr/bin/cmake -E cmake_link_script CMakeFiles/cmTC_4e1a6.dir/link.txt --verbose=1
/usr/bin/gcc  -std=c89 -pedantic -Wall -Wextra -Werror -Wstrict-prototypes -Wwrite-strings  -rdynamic CMakeFiles/cmTC_4e1a6.dir/src.c.o -o cmTC_4e1a6 
gmake[1]: Leaving directory '/home/ubuntuschule/Documents/C_Programme/CShell/build/CMakeFiles/CMakeTmp'


Source file was:
int main(void) { return 0; }
Performing C SOURCE FILE Test FLAG_SUPPORTED_Winitself succeeded with the following output:
Change Dir: /home/ubuntuschule/Documents/C_Programme/CShell/build/CMakeFiles/CMakeTmp

Run Build Command(s):/usr/bin/gmake -f Makefile cmTC_86daf/fast && /usr/bin/gmake  -f CMakeFiles/cmTC_86daf.dir/build.make CMakeFiles/cmTC_86daf.dir/build
gmake[1]: Entering directory '/home/ubuntuschule/Documents/C_Programme/CShell/build/CMakeFiles/CMakeTmp'
Building C object CMakeFiles/cmTC_86daf.dir/src.c.o
/usr/bin/gcc -DFLAG_SUPPORTED_Winitself  -std=c89 -pedantic -Wall -Wextra -Werror -Wstrict-prototypes -Wwrite-strings -Wshadow    -Winit-self -o CMakeFiles/cmTC_86daf.dir/src.c.o -c /home/ubuntuschule/Documents/C_Programme/CShell/build/CMakeFiles/CMakeTmp/src.c
Linking C executable cmTC_86daf
/usr/bin/cmake -E cmake_link_script CMakeFiles/cmTC_86daf.dir/link.txt --verbose=1
/usr/bin/gcc  -std=c89 -pedantic -Wall -Wextra -Werror -Wstrict-prototypes -Wwrite-strings -Wshadow  -rdynamic CMakeFiles/cmTC_86daf.dir/src.c.o -o cmTC_86daf 
gmake[1]: Leaving directory '/home/ubuntuschule/Documents/C_Programme/CShell/build/CMakeFiles/CMakeTmp'


Source file was:
int main(void) { return 0; }
Performing C SOURCE FILE Test FLAG_SUPPORTED_Wcastalign succeeded with the following output:
Change Dir: /home/ubuntuschule/Documents/C_Programme/CShell/build/CMakeFiles/CMakeTmp

Run Build Command(s):/usr/bin/gmake -f Makefile cmTC_2c0fe/fast && /usr/bin/gmake  -f CMakeFiles/cmTC_2c0fe.dir/build.make CMakeFiles/cmTC_2c0fe.dir/build
gmake[1]: Entering directory '/home/ubuntuschule/Documents/C_Programme/CShell/build/CMakeFiles/CMakeTmp'
Building C object CMakeFiles/cmTC_2c0fe.dir/src.c.o
/usr/bin/gcc -DFLAG_SUPPORTED_Wcastalign  -std=c89 -pedantic -Wall -Wextra -Werror -Wstrict-prototypes -Wwrite-strings -Wshadow -Winit-self    -Wcast-align -o CMakeFiles/cmTC_2c0fe.dir/src.c.o -c /home/ubuntuschule/Documents/C_Programme/CShell/build/CMakeFiles/CMakeTmp/src.c
Linking C executable cmTC_2c0fe
/usr/bin/cmake -E cmake_link_script CMakeFiles/cmTC_2c0fe.dir/link.txt --verbose=1
/usr/bin/gcc  -std=c89 -pedantic -Wall -Wextra -Werror -Wstrict-prototypes -Wwrite-strings -Wshadow -Winit-self  -rdynamic CMakeFiles/cmTC_2c0fe.dir/src.c.o -o cmTC_2c0fe 
gmake[1]: Leaving directory '/home/ubuntuschule/Documents/C_Programme/CShell/build/CMakeFiles/CMakeTmp'


Source file was:
int main(void) { return 0; }
Performing C SOURCE FILE Test FLAG_SUPPORTED_Wformat2 succeeded with the following output:
Change Dir: /home/ubuntuschule/Documents/C_Programme/CShell/build/CMakeFiles/CMakeTmp

Run Build Command(s):/usr/bin/gmake -f Makefile cmTC_d0b6e/fast && /usr/bin/gmake  -f CMakeFiles/cmTC_d0b6e.dir/build.make CMakeFiles/cmTC_d0b6e.dir/build
gmake[1]: Entering directory '/home/ubuntuschule/Documents/C_Programme/CShell/build/CMakeFiles/CMakeTmp'
Building C object CMakeFiles/cmTC_d0b6e.dir/src.c.o
/usr/bin/gcc -DFLAG_SUPPORTED_Wformat2  -std=c89 -pedantic -Wall -Wextra -Werror -Wstrict-prototypes -Wwrite-strings -Wshadow -Winit-self -Wcast-align    -Wformat=2 -o CMakeFiles/cmTC_d0b6e.dir/src.c.o -c /home/ubuntuschule/Documents/C_Programme/CShell/build/CMakeFiles/CMakeTmp/src.c
Linking C executable cmTC_d0b6e
/usr/bin/cmake -E cmake_link_script CMakeFiles/cmTC_d0b6e.dir/link.txt --verbose=1
/usr/bin/gcc  -std=c89 -pedantic -Wall -Wextra -Werror -Wstrict-prototypes -Wwrite-strings -Wshadow -Winit-self -Wcast-align  -rdynamic CMakeFiles/cmTC_d0b6e.dir/src.c.o -o cmTC_d0b6e 
gmake[1]: Leaving directory '/home/ubuntuschule/Documents/C_Programme/CShell/build/CMakeFiles/CMakeTmp'


Source file was:
int main(void) { return 0; }
Performing C SOURCE FILE Test FLAG_SUPPORTED_Wmissingprototypes succeeded with the following output:
Change Dir: /home/ubuntuschule/Documents/C_Programme/CShell/build/CMakeFiles/CMakeTmp

Run Build Command(s):/usr/bin/gmake -f Makefile cmTC_e1312/fast && /usr/bin/gmake  -f CMakeFiles/cmTC_e1312.dir/build.make CMakeFiles/cmTC_e1312.dir/build
gmake[1]: Entering directory '/home/ubuntuschule/Documents/C_Programme/CShell/build/CMakeFiles/CMakeTmp'
Building C object CMakeFiles/cmTC_e1312.dir/src.c.o
/usr/bin/gcc -DFLAG_SUPPORTED_Wmissingprototypes  -std=c89 -pedantic -Wall -Wextra -Werror -Wstrict-prototypes -Wwrite-strings -Wshadow -Winit-self -Wcast-align -Wformat=2    -Wmissing-prototypes -o CMakeFiles/cmTC_e1312.dir/src.c.o -c /home/ubuntuschule/Documents/C_Programme/CShell/build/CMakeFiles/CMakeTmp/src.c
Linking C executable cmTC_e1312
/usr/bin/cmake -E cmake_link_script CMakeFiles/cmTC_e1312.dir/link.txt --verbose=1
/usr/bin/gcc  -std=c89 -pedantic -Wall -Wextra -Werror -Wstrict-prototypes -Wwrite-strings -Wshadow -Winit-self -Wcast-align -Wformat=2  -rdynamic CMakeFiles/cmTC_e1312.dir/src.c.o -o cmTC_e1312 
gmake[1]: Leaving directory '/home/ubuntuschule/Documents/C_Programme/CShell/build/CMakeFiles/CMakeTmp'


Source file was:
int main(void) { return 0; }
Performing C SOURCE FILE Test FLAG_SUPPORTED_Wstrictoverflow2 succeeded with the following output:
Change Dir: /home/ubuntuschule/Documents/C_Programme/CShell/build/CMakeFiles/CMakeTmp

Run Build Command(s):/usr/bin/gmake -f Makefile cmTC_61141/fast && /usr/bin/gmake  -f CMakeFiles/cmTC_61141.dir/build.make CMakeFiles/cmTC_61141.dir/build
gmake[1]: Entering directory '/home/ubuntuschule/Documents/C_Programme/CShell/build/CMakeFiles/CMakeTmp'
Building C object CMakeFiles/cmTC_61141.dir/src.c.o
/usr/bin/gcc -DFLAG_SUPPORTED_Wstrictoverflow2  -std=c89 -pedantic -Wall -Wextra -Werror -Wstrict-prototypes -Wwrite-strings -Wshadow -Winit-self -Wcast-align -Wformat=2 -Wmissing-prototypes    -Wstrict-overflow=2 -o CMakeFiles/cmTC_61141.dir/src.c.o -c /home/ubuntuschule/Documents/C_Programme/CShell/build/CMakeFiles/CMakeTmp/src.c
Linking C executable cmTC_61141
/usr/bin/cmake -E cmake_link_script CMakeFiles/cmTC_61141.dir/link.txt --verbose=1
/usr/bin/gcc  -std=c89 -pedantic -Wall -Wextra -Werror -Wstrict-prototypes -Wwrite-strings -Wshadow -Winit-self -Wcast-align -Wformat=2 -Wmissing-prototypes  -rdynamic CMakeFiles/cmTC_61141.dir/src.c.o -o cmTC_61141 
gmake[1]: Leaving directory '/home/ubuntuschule/Documents/C_Programme/CShell/build/CMakeFiles/CMakeTmp'


Source file was:
int main(void) { return 0; }
Performing C SOURCE FILE Test FLAG_SUPPORTED_Wcastqual succeeded with the following output:
Change Dir: /home/ubuntuschule/Documents/C_Programme/CShell/build/CMakeFiles/CMakeTmp

Run Build Command(s):/usr/bin/gmake -f Makefile cmTC_ac2f5/fast && /usr/bin/gmake  -f CMakeFiles/cmTC_ac2f5.dir/build.make CMakeFiles/cmTC_ac2f5.dir/build
gmake[1]: Entering directory '/home/ubuntuschule/Documents/C_Programme/CShell/build/CMakeFiles/CMakeTmp'
Building C object CMakeFiles/cmTC_ac2f5.dir/src.c.o
/usr/bin/gcc -DFLAG_SUPPORTED_Wcastqual  -std=c89 -pedantic -Wall -Wextra -Werror -Wstrict-prototypes -Wwrite-strings -Wshadow -Winit-self -Wcast-align -Wformat=2 -Wmissing-prototypes -Wstrict-overflow=2    -Wcast-qual -o CMakeFiles/cmTC_ac2f5.dir/src.c.o -c /home/ubuntuschule/Documents/C_Programme/CShell/build/CMakeFiles/CMakeTmp/src.c
Linking C executable cmTC_ac2f5
/usr/bin/cmake -E cmake_link_script CMakeFiles/cmTC_ac2f5.dir/link.txt --verbose=1
/usr/bin/gcc  -std=c89 -pedantic -Wall -Wextra -Werror -Wstrict-prototypes -Wwrite-strings -Wshadow -Winit-self -Wcast-align -Wformat=2 -Wmissing-prototypes -Wstrict-overflow=2  -rdynamic CMakeFiles/cmTC_ac2f5.dir/src.c.o -o cmTC_ac2f5 
gmake[1]: Leaving directory '/home/ubuntuschule/Documents/C_Programme/CShell/build/CMakeFiles/CMakeTmp'


Source file was:
int main(void) { return 0; }
Performing C SOURCE FILE Test FLAG_SUPPORTED_Wundef succeeded with the following output:
Change Dir: /home/ubuntuschule/Documents/C_Programme/CShell/build/CMakeFiles/CMakeTmp

Run Build Command(s):/usr/bin/gmake -f Makefile cmTC_f58e0/fast && /usr/bin/gmake  -f CMakeFiles/cmTC_f58e0.dir/build.make CMakeFiles/cmTC_f58e0.dir/build
gmake[1]: Entering directory '/home/ubuntuschule/Documents/C_Programme/CShell/build/CMakeFiles/CMakeTmp'
Building C object CMakeFiles/cmTC_f58e0.dir/src.c.o
/usr/bin/gcc -DFLAG_SUPPORTED_Wundef  -std=c89 -pedantic -Wall -Wextra -Werror -Wstrict-prototypes -Wwrite-strings -Wshadow -Winit-self -Wcast-align -Wformat=2 -Wmissing-prototypes -Wstrict-overflow=2 -Wcast-qual    -Wundef -o CMakeFiles/cmTC_f58e0.dir/src.c.o -c /home/ubuntuschule/Documents/C_Programme/CShell/build/CMakeFiles/CMakeTmp/src.c
Linking C executable cmTC_f58e0
/usr/bin/cmake -E cmake_link_script CMakeFiles/cmTC_f58e0.dir/link.txt --verbose=1
/usr/bin/gcc  -std=c89 -pedantic -Wall -Wextra -Werror -Wstrict-prototypes -Wwrite-strings -Wshadow -Winit-self -Wcast-align -Wformat=2 -Wmissing-prototypes -Wstrict-overflow=2 -Wcast-qual  -rdynamic CMakeFiles/cmTC_f58e0.dir/src.c.o -o cmTC_f58e0 
gmake[1]: Leaving directory '/home/ubuntuschule/Documents/C_Programme/CShell/build/CMakeFiles/CMakeTmp'


Source file was:
int main(void) { return 0; }
Performing C SOURCE FILE Test FLAG_SUPPORTED_Wswitchdefault succeeded with the following output:
Change Dir: /home/ubuntuschule/Documents/C_Programme/CShell/build/CMakeFiles/CMakeTmp

Run Build Command(s):/usr/bin/gmake -f Makefile cmTC_07678/fast && /usr/bin/gmake  -f CMakeFiles/cmTC_07678.dir/build.make CMakeFiles/cmTC_07678.dir/build
gmake[1]: Entering directory '/home/ubuntuschule/Documents/C_Programme/CShell/build/CMakeFiles/CMakeTmp'
Building C object CMakeFiles/cmTC_07678.dir/src.c.o
/usr/bin/gcc -DFLAG_SUPPORTED_Wswitchdefault  -std=c89 -pedantic -Wall -Wextra -Werror -Wstrict-prototypes -Wwrite-strings -Wshadow -Winit-self -Wcast-align -Wformat=2 -Wmissing-prototypes -Wstrict-overflow=2 -Wcast-qual -Wundef    -Wswitch-default -o CMakeFiles/cmTC_07678.dir/src.c.o -c /home/ubuntuschule/Documents/C_Programme/CShell/build/CMakeFiles/CMakeTmp/src.c
Linking C executable cmTC_07678
/usr/bin/cmake -E cmake_link_script CMakeFiles/cmTC_07678.dir/link.txt --verbose=1
/usr/bin/gcc  -std=c89 -pedantic -Wall -Wextra -Werror -Wstrict-prototypes -Wwrite-strings -Wshadow -Winit-self -Wcast-align -Wformat=2 -Wmissing-prototypes -Wstrict-overflow=2 -Wcast-qual -Wundef  -rdynamic CMakeFiles/cmTC_07678.dir/src.c.o -o cmTC_07678 
gmake[1]: Leaving directory '/home/ubuntuschule/Documents/C_Programme/CShell/build/CMakeFiles/CMakeTmp'


Source file was:
int main(void) { return 0; }
Performing C SOURCE FILE Test FLAG_SUPPORTED_Wconversion succeeded with the following output:
Change Dir: /home/ubuntuschule/Documents/C_Programme/CShell/build/CMakeFiles/CMakeTmp

Run Build Command(s):/usr/bin/gmake -f Makefile cmTC_b7e28/fast && /usr/bin/gmake  -f CMakeFiles/cmTC_b7e28.dir/build.make CMakeFiles/cmTC_b7e28.dir/build
gmake[1]: Entering directory '/home/ubuntuschule/Documents/C_Programme/CShell/build/CMakeFiles/CMakeTmp'
Building C object CMakeFiles/cmTC_b7e28.dir/src.c.o
/usr/bin/gcc -DFLAG_SUPPORTED_Wconversion  -std=c89 -pedantic -Wall -Wextra -Werror -Wstrict-prototypes -Wwrite-strings -Wshadow -Winit-self -Wcast-align -Wformat=2 -Wmissing-prototypes -Wstrict-overflow=2 -Wcast-qual -Wundef -Wswitch-default    -Wconversion -o CMakeFiles/cmTC_b7e28.dir/src.c.o -c /home/ubuntuschule/Documents/C_Programme/CShell/build/CMakeFiles/CMakeTmp/src.c
Linking C executable cmTC_b7e28
/usr/bin/cmake -E cmake_link_script CMakeFiles/cmTC_b7e28.dir/link.txt --verbose=1
/usr/bin/gcc  -std=c89 -pedantic -Wall -Wextra -Werror -Wstrict-prototypes -Wwrite-strings -Wshadow -Winit-self -Wcast-align -Wformat=2 -Wmissing-prototypes -Wstrict-overflow=2 -Wcast-qual -Wundef -Wswitch-default  -rdynamic CMakeFiles/cmTC_b7e28.dir/src.c.o -o cmTC_b7e28 
gmake[1]: Leaving directory '/home/ubuntuschule/Documents/C_Programme/CShell/build/CMakeFiles/CMakeTmp'


Source file was:
int main(void) { return 0; }
Performing C SOURCE FILE Test FLAG_SUPPORTED_Wccompat succeeded with the following output:
Change Dir: /home/ubuntuschule/Documents/C_Programme/CShell/build/CMakeFiles/CMakeTmp

Run Build Command(s):/usr/bin/gmake -f Makefile cmTC_dddab/fast && /usr/bin/gmake  -f CMakeFiles/cmTC_dddab.dir/build.make CMakeFiles/cmTC_dddab.dir/build
gmake[1]: Entering directory '/home/ubuntuschule/Documents/C_Programme/CShell/build/CMakeFiles/CMakeTmp'
Building C object CMakeFiles/cmTC_dddab.dir/src.c.o
/usr/bin/gcc -DFLAG_SUPPORTED_Wccompat  -std=c89 -pedantic -Wall -Wextra -Werror -Wstrict-prototypes -Wwrite-strings -Wshadow -Winit-self -Wcast-align -Wformat=2 -Wmissing-prototypes -Wstrict-overflow=2 -Wcast-qual -Wundef -Wswitch-default -Wconversion    -Wc++-compat -o CMakeFiles/cmTC_dddab.dir/src.c.o -c /home/ubuntuschule/Documents/C_Programme/CShell/build/CMakeFiles/CMakeTmp/src.c
Linking C executable cmTC_dddab
/usr/bin/cmake -E cmake_link_script CMakeFiles/cmTC_dddab.dir/link.txt --verbose=1
/usr/bin/gcc  -std=c89 -pedantic -Wall -Wextra -Werror -Wstrict-prototypes -Wwrite-strings -Wshadow -Winit-self -Wcast-align -Wformat=2 -Wmissing-prototypes -Wstrict-overflow=2 -Wcast-qual -Wundef -Wswitch-default -Wconversion  -rdynamic CMakeFiles/cmTC_dddab.dir/src.c.o -o cmTC_dddab 
gmake[1]: Leaving directory '/home/ubuntuschule/Documents/C_Programme/CShell/build/CMakeFiles/CMakeTmp'


Source file was:
int main(void) { return 0; }
Performing C SOURCE FILE Test FLAG_SUPPORTED_fstackprotectorstrong succeeded with the following output:
Change Dir: /home/ubuntuschule/Documents/C_Programme/CShell/build/CMakeFiles/CMakeTmp

Run Build Command(s):/usr/bin/gmake -f Makefile cmTC_5a1d2/fast && /usr/bin/gmake  -f CMakeFiles/cmTC_5a1d2.dir/build.make CMakeFiles/cmTC_5a1d2.dir/build
gmake[1]: Entering directory '/home/ubuntuschule/Documents/C_Programme/CShell/build/CMakeFiles/CMakeTmp'
Building C object CMakeFiles/cmTC_5a1d2.dir/src.c.o
/usr/bin/gcc -DFLAG_SUPPORTED_fstackprotectorstrong  -std=c89 -pedantic -Wall -Wextra -Werror -Wstrict-prototypes -Wwrite-strings -Wshadow -Winit-self -Wcast-align -Wformat=2 -Wmissing-prototypes -Wstrict-overflow=2 -Wcast-qual -Wundef -Wswitch-default -Wconversion -Wc++-compat    -fstack-protector-strong -o CMakeFiles/cmTC_5a1d2.dir/src.c.o -c /home/ubuntuschule/Documents/C_Programme/CShell/build/CMakeFiles/CMakeTmp/src.c
Linking C executable cmTC_5a1d2
/usr/bin/cmake -E cmake_link_script CMakeFiles/cmTC_5a1d2.dir/link.txt --verbose=1
/usr/bin/gcc  -std=c89 -pedantic -Wall -Wextra -Werror -Wstrict-prototypes -Wwrite-strings -Wshadow -Winit-self -Wcast-align -Wformat=2 -Wmissing-prototypes -Wstrict-overflow=2 -Wcast-qual -Wundef -Wswitch-default -Wconversion -Wc++-compat  -rdynamic CMakeFiles/cmTC_5a1d2.dir/src.c.o -o cmTC_5a1d2 
gmake[1]: Leaving directory '/home/ubuntuschule/Documents/C_Programme/CShell/build/CMakeFiles/CMakeTmp'


Source file was:
int main(void) { return 0; }
Performing C SOURCE FILE Test FLAG_SUPPORTED_Wdoublepromotion succeeded with the following output:
Change Dir: /home/ubuntuschule/Documents/C_Programme/CShell/build/CMakeFiles/CMakeTmp

Run Build Command(s):/usr/bin/gmake -f Makefile cmTC_ae575/fast && /usr/bin/gmake  -f CMakeFiles/cmTC_ae575.dir/build.make CMakeFiles/cmTC_ae575.dir/build
gmake[1]: Entering directory '/home/ubuntuschule/Documents/C_Programme/CShell/build/CMakeFiles/CMakeTmp'
Building C object CMakeFiles/cmTC_ae575.dir/src.c.o
/usr/bin/gcc -DFLAG_SUPPORTED_Wdoublepromotion  -std=c89 -pedantic -Wall -Wextra -Werror -Wstrict-prototypes -Wwrite-strings -Wshadow -Winit-self -Wcast-align -Wformat=2 -Wmissing-prototypes -Wstrict-overflow=2 -Wcast-qual -Wundef -Wswitch-default -Wconversion -Wc++-compat -fstack-protector-strong    -Wdouble-promotion -o CMakeFiles/cmTC_ae575.dir/src.c.o -c /home/ubuntuschule/Documents/C_Programme/CShell/build/CMakeFiles/CMakeTmp/src.c
Linking C executable cmTC_ae575
/usr/bin/cmake -E cmake_link_script CMakeFiles/cmTC_ae575.dir/link.txt --verbose=1
/usr/bin/gcc  -std=c89 -pedantic -Wall -Wextra -Werror -Wstrict-prototypes -Wwrite-strings -Wshadow -Winit-self -Wcast-align -Wformat=2 -Wmissing-prototypes -Wstrict-overflow=2 -Wcast-qual -Wundef -Wswitch-default -Wconversion -Wc++-compat -fstack-protector-strong  -rdynamic CMakeFiles/cmTC_ae575.dir/src.c.o -o cmTC_ae575 
gmake[1]: Leaving directory '/home/ubuntuschule/Documents/C_Programme/CShell/build/CMakeFiles/CMakeTmp'


Source file was:
int main(void) { return 0; }
Performing C SOURCE FILE Test FLAG_SUPPORTED_Wparentheses succeeded with the following output:
Change Dir: /home/ubuntuschule/Documents/C_Programme/CShell/build/CMakeFiles/CMakeTmp

Run Build Command(s):/usr/bin/gmake -f Makefile cmTC_48392/fast && /usr/bin/gmake  -f CMakeFiles/cmTC_48392.dir/build.make CMakeFiles/cmTC_48392.dir/build
gmake[1]: Entering directory '/home/ubuntuschule/Documents/C_Programme/CShell/build/CMakeFiles/CMakeTmp'
Building C object CMakeFiles/cmTC_48392.dir/src.c.o
/usr/bin/gcc -DFLAG_SUPPORTED_Wparentheses  -std=c89 -pedantic -Wall -Wextra -Werror -Wstrict-prototypes -Wwrite-strings -Wshadow -Winit-self -Wcast-align -Wformat=2 -Wmissing-prototypes -Wstrict-overflow=2 -Wcast-qual -Wundef -Wswitch-default -Wconversion -Wc++-compat -fstack-protector-strong -Wdouble-promotion    -Wparentheses -o CMakeFiles/cmTC_48392.dir/src.c.o -c /home/ubuntuschule/Documents/C_Programme/CShell/build/CMakeFiles/CMakeTmp/src.c
Linking C executable cmTC_48392
/usr/bin/cmake -E cmake_link_script CMakeFiles/cmTC_48392.dir/link.txt --verbose=1
/usr/bin/gcc  -std=c89 -pedantic -Wall -Wextra -Werror -Wstrict-prototypes -Wwrite-strings -Wshadow -Winit-self -Wcast-align -Wformat=2 -Wmissing-prototypes -Wstrict-overflow=2 -Wcast-qual -Wundef -Wswitch-default -Wconversion -Wc++-compat -fstack-protector-strong -Wdouble-promotion  -rdynamic CMakeFiles/cmTC_48392.dir/src.c.o -o cmTC_48392 
gmake[1]: Leaving directory '/home/ubuntuschule/Documents/C_Programme/CShell/build/CMakeFiles/CMakeTmp'


Source file was:
int main(void) { return 0; }
Performing C SOURCE FILE Test FLAG_SUPPORTED_Wformatoverflow succeeded with the following output:
Change Dir: /home/ubuntuschule/Documents/C_Programme/CShell/build/CMakeFiles/CMakeTmp

Run Build Command(s):/usr/bin/gmake -f Makefile cmTC_e2b4b/fast && /usr/bin/gmake  -f CMakeFiles/cmTC_e2b4b.dir/build.make CMakeFiles/cmTC_e2b4b.dir/build
gmake[1]: Entering directory '/home/ubuntuschule/Documents/C_Programme/CShell/build/CMakeFiles/CMakeTmp'
Building C object CMakeFiles/cmTC_e2b4b.dir/src.c.o
/usr/bin/gcc -DFLAG_SUPPORTED_Wformatoverflow  -std=c89 -pedantic -Wall -Wextra -Werror -Wstrict-prototypes -Wwrite-strings -Wshadow -Winit-self -Wcast-align -Wformat=2 -Wmissing-prototypes -Wstrict-overflow=2 -Wcast-qual -Wundef -Wswitch-default -Wconversion -Wc++-compat -fstack-protector-strong -Wdouble-promotion -Wparentheses    -Wformat-overflow -o CMakeFiles/cmTC_e2b4b.dir/src.c.o -c /home/ubuntuschule/Documents/C_Programme/CShell/build/CMakeFiles/CMakeTmp/src.c
Linking C executable cmTC_e2b4b
/usr/bin/cmake -E cmake_link_script CMakeFiles/cmTC_e2b4b.dir/link.txt --verbose=1
/usr/bin/gcc  -std=c89 -pedantic -Wall -Wextra -Werror -Wstrict-prototypes -Wwrite-strings -Wshadow -Winit-self -Wcast-align -Wformat=2 -Wmissing-prototypes -Wstrict-overflow=2 -Wcast-qual -Wundef -Wswitch-default -Wconversion -Wc++-compat -fstack-protector-strong -Wdouble-promotion -Wparentheses  -rdynamic CMakeFiles/cmTC_e2b4b.dir/src.c.o -o cmTC_e2b4b 
gmake[1]: Leaving directory '/home/ubuntuschule/Documents/C_Programme/CShell/build/CMakeFiles/CMakeTmp'


Source file was:
int main(void) { return 0; }
Performing C SOURCE FILE Test FLAG_SUPPORTED_Wunusedmacros succeeded with the following output:
Change Dir: /home/ubuntuschule/Documents/C_Programme/CShell/build/CMakeFiles/CMakeTmp

Run Build Command(s):/usr/bin/gmake -f Makefile cmTC_d9e3a/fast && /usr/bin/gmake  -f CMakeFiles/cmTC_d9e3a.dir/build.make CMakeFiles/cmTC_d9e3a.dir/build
gmake[1]: Entering directory '/home/ubuntuschule/Documents/C_Programme/CShell/build/CMakeFiles/CMakeTmp'
Building C object CMakeFiles/cmTC_d9e3a.dir/src.c.o
/usr/bin/gcc -DFLAG_SUPPORTED_Wunusedmacros  -std=c89 -pedantic -Wall -Wextra -Werror -Wstrict-prototypes -Wwrite-strings -Wshadow -Winit-self -Wcast-align -Wformat=2 -Wmissing-prototypes -Wstrict-overflow=2 -Wcast-qual -Wundef -Wswitch-default -Wconversion -Wc++-compat -fstack-protector-strong -Wdouble-promotion -Wparentheses -Wformat-overflow    -Wunused-macros -o CMakeFiles/cmTC_d9e3a.dir/src.c.o -c /home/ubuntuschule/Documents/C_Programme/CShell/build/CMakeFiles/CMakeTmp/src.c
Linking C executable cmTC_d9e3a
/usr/bin/cmake -E cmake_link_script CMakeFiles/cmTC_d9e3a.dir/link.txt --verbose=1
/usr/bin/gcc  -std=c89 -pedantic -Wall -Wextra -Werror -Wstrict-prototypes -Wwrite-strings -Wshadow -Winit-self -Wcast-align -Wformat=2 -Wmissing-prototypes -Wstrict-overflow=2 -Wcast-qual -Wundef -Wswitch-default -Wconversion -Wc++-compat -fstack-protector-strong -Wdouble-promotion -Wparentheses -Wformat-overflow  -rdynamic CMakeFiles/cmTC_d9e3a.dir/src.c.o -o cmTC_d9e3a 
gmake[1]: Leaving directory '/home/ubuntuschule/Documents/C_Programme/CShell/build/CMakeFiles/CMakeTmp'


Source file was:
int main(void) { return 0; }
Performing C SOURCE FILE Test FLAG_SUPPORTED_Wswitchenum succeeded with the following output:
Change Dir: /home/ubuntuschule/Documents/C_Programme/CShell/build/CMakeFiles/CMakeTmp

Run Build Command(s):/usr/bin/gmake -f Makefile cmTC_72018/fast && /usr/bin/gmake  -f CMakeFiles/cmTC_72018.dir/build.make CMakeFiles/cmTC_72018.dir/build
gmake[1]: Entering directory '/home/ubuntuschule/Documents/C_Programme/CShell/build/CMakeFiles/CMakeTmp'
Building C object CMakeFiles/cmTC_72018.dir/src.c.o
/usr/bin/gcc -DFLAG_SUPPORTED_Wswitchenum  -std=c89 -pedantic -Wall -Wextra -Werror -Wstrict-prototypes -Wwrite-strings -Wshadow -Winit-self -Wcast-align -Wformat=2 -Wmissing-prototypes -Wstrict-overflow=2 -Wcast-qual -Wundef -Wswitch-default -Wconversion -Wc++-compat -fstack-protector-strong -Wdouble-promotion -Wparentheses -Wformat-overflow -Wunused-macros    -Wswitch-enum -o CMakeFiles/cmTC_72018.dir/src.c.o -c /home/ubuntuschule/Documents/C_Programme/CShell/build/CMakeFiles/CMakeTmp/src.c
Linking C executable cmTC_72018
/usr/bin/cmake -E cmake_link_script CMakeFiles/cmTC_72018.dir/link.txt --verbose=1
/usr/bin/gcc  -std=c89 -pedantic -Wall -Wextra -Werror -Wstrict-prototypes -Wwrite-strings -Wshadow -Winit-self -Wcast-align -Wformat=2 -Wmissing-prototypes -Wstrict-overflow=2 -Wcast-qual -Wundef -Wswitch-default -Wconversion -Wc++-compat -fstack-protector-strong -Wdouble-promotion -Wparentheses -Wformat-overflow -Wunused-macros  -rdynamic CMakeFiles/cmTC_72018.dir/src.c.o -o cmTC_72018 
gmake[1]: Leaving directory '/home/ubuntuschule/Documents/C_Programme/CShell/build/CMakeFiles/CMakeTmp'


Source file was:
int main(void) { return 0; }
Performing C SOURCE FILE Test FLAG_SUPPORTED_fvisibilityhidden succeeded with the following output:
Change Dir: /home/ubuntuschule/Documents/C_Programme/CShell/build/CMakeFiles/CMakeTmp

Run Build Command(s):/usr/bin/gmake -f Makefile cmTC_96596/fast && /usr/bin/gmake  -f CMakeFiles/cmTC_96596.dir/build.make CMakeFiles/cmTC_96596.dir/build
gmake[1]: Entering directory '/home/ubuntuschule/Documents/C_Programme/CShell/build/CMakeFiles/CMakeTmp'
Building C object CMakeFiles/cmTC_96596.dir/src.c.o
/usr/bin/gcc -DFLAG_SUPPORTED_fvisibilityhidden  -std=c89 -pedantic -Wall -Wextra -Werror -Wstrict-prototypes -Wwrite-strings -Wshadow -Winit-self -Wcast-align -Wformat=2 -Wmissing-prototypes -Wstrict-overflow=2 -Wcast-qual -Wundef -Wswitch-default -Wconversion -Wc++-compat -fstack-protector-strong -Wdouble-promotion -Wparentheses -Wformat-overflow -Wunused-macros -Wswitch-enum    -fvisibility=hidden -o CMakeFiles/cmTC_96596.dir/src.c.o -c /home/ubuntuschule/Documents/C_Programme/CShell/build/CMakeFiles/CMakeTmp/src.c
Linking C executable cmTC_96596
/usr/bin/cmake -E cmake_link_script CMakeFiles/cmTC_96596.dir/link.txt --verbose=1
/usr/bin/gcc  -std=c89 -pedantic -Wall -Wextra -Werror -Wstrict-prototypes -Wwrite-strings -Wshadow -Winit-self -Wcast-align -Wformat=2 -Wmissing-prototypes -Wstrict-overflow=2 -Wcast-qual -Wundef -Wswitch-default -Wconversion -Wc++-compat -fstack-protector-strong -Wdouble-promotion -Wparentheses -Wformat-overflow -Wunused-macros -Wswitch-enum  -rdynamic CMakeFiles/cmTC_96596.dir/src.c.o -o cmTC_96596 
gmake[1]: Leaving directory '/home/ubuntuschule/Documents/C_Programme/CShell/build/CMakeFiles/CMakeTmp'


Source file was:
int main(void) { return 0; }
